Requirement already satisfied: pip in ./.venv/lib/python3.14/site-packages (25.3)
Collecting playwright
  Downloading playwright-1.57.0-py3-none-macosx_11_0_universal2.whl.metadata (3.5 kB)
Collecting pyee<14,>=13 (from playwright)
  Downloading pyee-13.0.0-py3-none-any.whl.metadata (2.9 kB)
Collecting greenlet<4.0.0,>=3.1.1 (from playwright)
  Downloading greenlet-3.3.0-cp314-cp314-macosx_11_0_universal2.whl.metadata (4.1 kB)
Collecting typing-extensions (from pyee<14,>=13->playwright)
  Using cached typing_extensions-4.15.0-py3-none-any.whl.metadata (3.3 kB)
Downloading playwright-1.57.0-py3-none-macosx_11_0_universal2.whl (42.0 MB)
   ━━━━━━━━━━━━━━━━━━━━━━━━━━━━━━━━━━━━━━━━ 42.0/42.0 MB 27.2 MB/s  0:00:01
Downloading greenlet-3.3.0-cp314-cp314-macosx_11_0_universal2.whl (275 kB)
Downloading pyee-13.0.0-py3-none-any.whl (15 kB)
Using cached typing_extensions-4.15.0-py3-none-any.whl (44 kB)
Installing collected packages: typing-extensions, greenlet, pyee, playwright

Successfully installed greenlet-3.3.0 playwright-1.57.0 pyee-13.0.0 typing-extensions-4.15.0
Downloading Chromium 143.0.7499.4 (playwright build v1200)[2m from https://cdn.playwright.dev/dbazure/download/playwright/builds/chromium/1200/chromium-mac.zip[22m
(node:89860) [DEP0169] DeprecationWarning: `url.parse()` behavior is not standardized and prone to errors that have security implications. Use the WHATWG URL API instead. CVEs are not issued for `url.parse()` vulnerabilities.
(Use `node --trace-deprecation ...` to show where the warning was created)
|                                                                                |   0% of 167.8 MiB
|■■■■■■■■                                                                        |  10% of 167.8 MiB
|■■■■■■■■■■■■■■■■                                                                |  20% of 167.8 MiB
|■■■■■■■■■■■■■■■■■■■■■■■■                                                        |  30% of 167.8 MiB
|■■■■■■■■■■■■■■■■■■■■■■■■■■■■■■■■                                                |  40% of 167.8 MiB
|■■■■■■■■■■■■■■■■■■■■■■■■■■■■■■■■■■■■■■■■                                        |  50% of 167.8 MiB
|■■■■■■■■■■■■■■■■■■■■■■■■■■■■■■■■■■■■■■■■■■■■■■■■                                |  60% of 167.8 MiB
|■■■■■■■■■■■■■■■■■■■■■■■■■■■■■■■■■■■■■■■■■■■■■■■■■■■■■■■■                        |  70% of 167.8 MiB
|■■■■■■■■■■■■■■■■■■■■■■■■■■■■■■■■■■■■■■■■■■■■■■■■■■■■■■■■■■■■■■■■                |  80% of 167.8 MiB
|■■■■■■■■■■■■■■■■■■■■■■■■■■■■■■■■■■■■■■■■■■■■■■■■■■■■■■■■■■■■■■■■■■■■■■■■        |  90% of 167.8 MiB
|■■■■■■■■■■■■■■■■■■■■■■■■■■■■■■■■■■■■■■■■■■■■■■■■■■■■■■■■■■■■■■■■■■■■■■■■■■■■■■■■| 100% of 167.8 MiB
Chromium 143.0.7499.4 (playwright build v1200) downloaded to /Users/mcauchy/Library/Caches/ms-playwright/chromium-1200
Downloading FFMPEG playwright build v1011[2m from https://cdn.playwright.dev/dbazure/download/playwright/builds/ffmpeg/1011/ffmpeg-mac.zip[22m
(node:89918) [DEP0169] DeprecationWarning: `url.parse()` behavior is not standardized and prone to errors that have security implications. Use the WHATWG URL API instead. CVEs are not issued for `url.parse()` vulnerabilities.
(Use `node --trace-deprecation ...` to show where the warning was created)
|                                                                                |   0% of 1.3 MiB
|■■■■■■■■                                                                        |  10% of 1.3 MiB
|■■■■■■■■■■■■■■■■                                                                |  20% of 1.3 MiB
|■■■■■■■■■■■■■■■■■■■■■■■■                                                        |  30% of 1.3 MiB
|■■■■■■■■■■■■■■■■■■■■■■■■■■■■■■■■                                                |  40% of 1.3 MiB
|■■■■■■■■■■■■■■■■■■■■■■■■■■■■■■■■■■■■■■■■                                        |  50% of 1.3 MiB
|■■■■■■■■■■■■■■■■■■■■■■■■■■■■■■■■■■■■■■■■■■■■■■■■                                |  60% of 1.3 MiB
|■■■■■■■■■■■■■■■■■■■■■■■■■■■■■■■■■■■■■■■■■■■■■■■■■■■■■■■■                        |  71% of 1.3 MiB
|■■■■■■■■■■■■■■■■■■■■■■■■■■■■■■■■■■■■■■■■■■■■■■■■■■■■■■■■■■■■■■■■                |  80% of 1.3 MiB
|■■■■■■■■■■■■■■■■■■■■■■■■■■■■■■■■■■■■■■■■■■■■■■■■■■■■■■■■■■■■■■■■■■■■■■■■        |  90% of 1.3 MiB
|■■■■■■■■■■■■■■■■■■■■■■■■■■■■■■■■■■■■■■■■■■■■■■■■■■■■■■■■■■■■■■■■■■■■■■■■■■■■■■■■| 100% of 1.3 MiB
FFMPEG playwright build v1011 downloaded to /Users/mcauchy/Library/Caches/ms-playwright/ffmpeg-1011
Downloading Chromium Headless Shell 143.0.7499.4 (playwright build v1200)[2m from https://cdn.playwright.dev/dbazure/download/playwright/builds/chromium/1200/chromium-headless-shell-mac.zip[22m
(node:89921) [DEP0169] DeprecationWarning: `url.parse()` behavior is not standardized and prone to errors that have security implications. Use the WHATWG URL API instead. CVEs are not issued for `url.parse()` vulnerabilities.
(Use `node --trace-deprecation ...` to show where the warning was created)
|                                                                                |   0% of 93.8 MiB
|■■■■■■■■                                                                        |  10% of 93.8 MiB
|■■■■■■■■■■■■■■■■                                                                |  20% of 93.8 MiB
|■■■■■■■■■■■■■■■■■■■■■■■■                                                        |  30% of 93.8 MiB
|■■■■■■■■■■■■■■■■■■■■■■■■■■■■■■■■                                                |  40% of 93.8 MiB
|■■■■■■■■■■■■■■■■■■■■■■■■■■■■■■■■■■■■■■■■                                        |  50% of 93.8 MiB
|■■■■■■■■■■■■■■■■■■■■■■■■■■■■■■■■■■■■■■■■■■■■■■■■                                |  60% of 93.8 MiB
|■■■■■■■■■■■■■■■■■■■■■■■■■■■■■■■■■■■■■■■■■■■■■■■■■■■■■■■■                        |  70% of 93.8 MiB
|■■■■■■■■■■■■■■■■■■■■■■■■■■■■■■■■■■■■■■■■■■■■■■■■■■■■■■■■■■■■■■■■                |  80% of 93.8 MiB
|■■■■■■■■■■■■■■■■■■■■■■■■■■■■■■■■■■■■■■■■■■■■■■■■■■■■■■■■■■■■■■■■■■■■■■■■        |  90% of 93.8 MiB
|■■■■■■■■■■■■■■■■■■■■■■■■■■■■■■■■■■■■■■■■■■■■■■■■■■■■■■■■■■■■■■■■■■■■■■■■■■■■■■■■| 100% of 93.8 MiB
Chromium Headless Shell 143.0.7499.4 (playwright build v1200) downloaded to /Users/mcauchy/Library/Caches/ms-playwright/chromium_headless_shell-1200
bash: diveanalyzer: command not found
