Obtaining file:///Users/mcauchy/workflow/DiveAnalizer
  Installing build dependencies: started
  Installing build dependencies: finished with status 'done'
  Checking if build backend supports build_editable: started
  Checking if build backend supports build_editable: finished with status 'done'
  Getting requirements to build editable: started
  Getting requirements to build editable: finished with status 'done'
  Preparing editable metadata (pyproject.toml): started
  Preparing editable metadata (pyproject.toml): finished with status 'done'
Collecting librosa>=0.10.0 (from diveanalyzer==2.0.0)
  Using cached librosa-0.11.0-py3-none-any.whl.metadata (8.7 kB)
Collecting soundfile>=0.12.0 (from diveanalyzer==2.0.0)
  Using cached soundfile-0.13.1-py2.py3-none-macosx_10_9_x86_64.whl.metadata (16 kB)
Collecting scipy>=1.10.0 (from diveanalyzer==2.0.0)
  Using cached scipy-1.17.0-cp314-cp314-macosx_14_0_x86_64.whl.metadata (62 kB)
Collecting av>=10.0.0 (from diveanalyzer==2.0.0)
  Using cached av-16.1.0-cp314-cp314-macosx_11_0_x86_64.whl.metadata (4.6 kB)
Collecting ultralytics>=8.0.0 (from diveanalyzer==2.0.0)
  Using cached ultralytics-8.4.7-py3-none-any.whl.metadata (38 kB)
INFO: pip is looking at multiple versions of diveanalyzer to determine which version is compatible with other requirements. This could take a while.
ERROR: Ignored the following versions that require a different python version: 1.10.0 Requires-Python >=3.8,<3.12; 1.10.0rc1 Requires-Python >=3.8,<3.12; 1.10.0rc2 Requires-Python >=3.8,<3.12; 1.10.1 Requires-Python >=3.8,<3.12; 1.11.0 Requires-Python >=3.9,<3.13; 1.11.0rc1 Requires-Python >=3.9,<3.13; 1.11.0rc2 Requires-Python >=3.9,<3.13; 1.11.1 Requires-Python >=3.9,<3.13; 1.11.2 Requires-Python >=3.9,<3.13; 1.11.3 Requires-Python >=3.9,<3.13; 1.6.2 Requires-Python >=3.7,<3.10; 1.6.3 Requires-Python >=3.7,<3.10; 1.7.0 Requires-Python >=3.7,<3.10; 1.7.1 Requires-Python >=3.7,<3.10; 1.7.2 Requires-Python >=3.7,<3.11; 1.7.3 Requires-Python >=3.7,<3.11; 1.8.0 Requires-Python >=3.8,<3.11; 1.8.0rc1 Requires-Python >=3.8,<3.11; 1.8.0rc2 Requires-Python >=3.8,<3.11; 1.8.0rc3 Requires-Python >=3.8,<3.11; 1.8.0rc4 Requires-Python >=3.8,<3.11; 1.8.1 Requires-Python >=3.8,<3.11; 1.9.0 Requires-Python >=3.8,<3.12; 1.9.0rc1 Requires-Python >=3.8,<3.12; 1.9.0rc2 Requires-Python >=3.8,<3.12; 1.9.0rc3 Requires-Python >=3.8,<3.12; 1.9.1 Requires-Python >=3.8,<3.12; 8.0.10 Requires-Python >=3.7,<=3.11; 8.0.11 Requires-Python >=3.7,<=3.11; 8.0.12 Requires-Python >=3.7,<=3.11; 8.0.13 Requires-Python >=3.7,<=3.11; 8.0.14 Requires-Python >=3.7,<=3.11; 8.0.15 Requires-Python >=3.7,<=3.11; 8.0.16 Requires-Python >=3.7,<=3.11; 8.0.17 Requires-Python >=3.7,<=3.11; 8.0.18 Requires-Python >=3.7,<=3.11; 8.0.19 Requires-Python >=3.7,<=3.11; 8.0.20 Requires-Python >=3.7,<=3.11; 8.0.21 Requires-Python >=3.7,<=3.11; 8.0.22 Requires-Python >=3.7,<=3.11; 8.0.23 Requires-Python >=3.7,<=3.11; 8.0.24 Requires-Python >=3.7,<=3.11; 8.0.25 Requires-Python >=3.7,<=3.11; 8.0.26 Requires-Python >=3.7,<=3.11; 8.0.27 Requires-Python >=3.7,<=3.11; 8.0.28 Requires-Python >=3.7,<=3.11; 8.0.29 Requires-Python >=3.7,<=3.11; 8.0.30 Requires-Python >=3.7,<=3.11; 8.0.31 Requires-Python >=3.7,<=3.11; 8.0.32 Requires-Python >=3.7,<=3.11; 8.0.33 Requires-Python >=3.7,<=3.11; 8.0.34 Requires-Python >=3.7,<=3.11; 8.0.7 Requires-Python >=3.7,<=3.11; 8.0.8 Requires-Python >=3.7,<=3.11; 8.0.9 Requires-Python >=3.7,<=3.11
ERROR: Could not find a version that satisfies the requirement torch>=2.0.0 (from diveanalyzer) (from versions: none)
ERROR: No matching distribution found for torch>=2.0.0
